{
  "RSpec": {
    "coverage": {
      "/Users/ilyafaybisovich/Ronin/lab_week/airport_challenge/spec/airport_spec.rb": [
        1,
        null,
        null,
        null,
        null,
        null,
        null,
        null,
        null,
        null,
        null,
        null,
        null,
        1,
        2,
        2,
        2,
        null,
        null,
        null,
        null,
        null,
        null,
        null,
        null,
        null,
        null,
        null,
        null,
        null,
        null,
        null,
        null,
        null,
        null,
        null,
        null,
        null,
        null,
        null,
        null,
        null,
        null,
        null,
        null
      ],
      "/Users/ilyafaybisovich/Ronin/lab_week/airport_challenge/lib/airport.rb": [
        1,
        null,
        1,
        null,
        1,
        1,
        null,
        1,
        8,
        8,
        null,
        null,
        1,
        0,
        null,
        null,
        1,
        15,
        14,
        13,
        13,
        null,
        null,
        1,
        11,
        11,
        11,
        null,
        null,
        1,
        null,
        1,
        15,
        null,
        null,
        null
      ],
      "/Users/ilyafaybisovich/Ronin/lab_week/airport_challenge/lib/weather.rb": [
        1,
        1,
        0,
        null,
        null
      ],
      "/Users/ilyafaybisovich/Ronin/lab_week/airport_challenge/spec/feature/grand_finale_spec.rb": [
        1,
        null,
        null,
        null,
        null,
        null,
        null,
        null,
        null,
        null,
        1,
        2,
        1,
        21,
        null,
        1,
        1,
        11,
        1,
        10,
        null,
        11,
        1,
        10,
        null,
        11,
        null,
        null,
        null
      ],
      "/Users/ilyafaybisovich/Ronin/lab_week/airport_challenge/spec/feature/take_off_landing_spec.rb": [
        1,
        1,
        1,
        null,
        null,
        null,
        null,
        null,
        null,
        null,
        null,
        null,
        1,
        3,
        3,
        null,
        null,
        1,
        2,
        1,
        2,
        1,
        null,
        null,
        1,
        3,
        4,
        4,
        null,
        null
      ],
      "/Users/ilyafaybisovich/Ronin/lab_week/airport_challenge/lib/plane.rb": [
        1,
        1,
        null,
        1,
        16,
        null,
        null,
        null
      ],
      "/Users/ilyafaybisovich/Ronin/lab_week/airport_challenge/spec/feature/traffic_control_spec.rb": [
        1,
        1,
        null,
        1,
        3,
        3,
        null,
        1,
        2,
        1,
        1,
        1,
        1,
        2,
        null,
        null,
        1,
        2,
        2,
        null,
        null
      ],
      "/Users/ilyafaybisovich/Ronin/lab_week/airport_challenge/spec/plane_spec.rb": [
        1,
        null,
        null,
        null,
        null,
        null,
        null,
        null,
        null,
        null,
        null,
        null,
        null,
        null,
        1,
        2,
        null,
        null,
        null,
        null,
        null,
        null,
        null,
        null,
        null
      ]
    },
    "timestamp": 1429550733
  }
}
